C:\Users\User\AppData\Roaming\Python\Python312\site-packages\torch\cuda\__init__.py:61: FutureWarning: The pynvml package is deprecated. Please install nvidia-ml-py instead. If you did not install pynvml directly, please report this to the maintainers of the package that installed pynvml for you.
  import pynvml  # type: ignore[import]
============================================================
HEATWAVE PREDICTION MODEL TRAINING
============================================================
Sequence Length: 3 days
Forecast Horizon: 2 days
Random Forest: n_estimators=600, max_depth=40
HP Tuning: Disabled
Walk-Forward CV: Disabled
Feature Engineering: Disabled
============================================================
Starting Heatwave AI Training...
Random seed set to 42 for reproducibility
Config: seq=3, future=2, rf_trees=600, depth=40, backend=balanced_rf, gpu=False, force_gpu=False, labeling=anomaly, sampling=all, clip=(0.5,99.5)

[1/6] Loading ERA5 Data using new DataLoader...
      Loading combined ERA5 + NASA POWER data...
2026-04-10 18:07:05,645 - heatwave - INFO - Loading 67 files from D:\Heat-wave-backend\era5_data...
2026-04-10 18:07:59,522 - heatwave - WARNING - Skipped 35 file(s) due to incompatible schema or empty crop.
2026-04-10 18:08:00,625 - heatwave - INFO - Loading 35 NASA POWER files...
2026-04-10 18:08:31,099 - heatwave - INFO - Merging ERA5 and NASA POWER datasets...
2026-04-10 18:08:31,099 - heatwave - INFO - Renamed NASA POWER variables: {'T2M': 't2m_power', 'RH2M': 'humidity', 'PRECTOTCORR': 'tp', 'T2MDEW': 'd2m'}
2026-04-10 18:08:33,697 - heatwave - INFO - Combined dataset variables: ['t2m', 'swvl1', 'z', 'tp', 'humidity', 'd2m', 't2m_power', 'WS10M', 'PS']
2026-04-10 18:08:33,705 - heatwave - INFO - Preparing training data (dynamic + static channels)...
      Available dynamic variables: ['z', 't2m', 'swvl1', 'tp', 'humidity']
      Missing dynamic variables: []
      Data quality: missing_dynamic=0 near_zero_std_channels=0
      Normalized Data Shape: (18627, 8, 65, 44)

[2/6] Temporal split (train/val/test)...
      Filling NaN values within each split (causal)...
      Split config: train=75%, val=10%, test=15% | Total timesteps: 18627
      Sample counts: 13970/1862/2795
      Applying clipping: [0.5%, 99.5%] percentiles
      Normalization computed from 13970 training timesteps.
      Samples train/val/test: 13966/1858/2791
DEBUG train_climatology_temp: shape=(65, 44), ndim=2
DEBUG after fix: train_climatology_temp shape=(65, 44)
      Using anomaly-based labeling (threshold: 5.0 degrees above normal)
Unable to derive both classes from event thresholds. Falling back to sample-mean based labels (top 10% hottest samples).
      Heatwave threshold (selected): 126.56 C
      Threshold selection mode: anomaly_sample_mean_fallback
      Positive rate train/val/test: 0.100/0.191/0.301

[4/6] Initializing BalancedRandomForestClassifier (CPU)...

[5/6] Training + validation metrics...
      Prob Threshold: 0.350 (validation_f1_search) |       Train Brier: 0.006825 | Val Brier: 0.063527 | Val PR-AUC: 0.8478498863707774 | Val Event F1: 0.7908 | Val Recall: 0.8277

[6/6] Test evaluation + baseline comparison + checkpoint save...
Training completed in 44.58 seconds.
Test Brier: 0.077132 | PR-AUC: 0.913444650458041 | Event F1: 0.8369 | Hit Rate: 0.8524 | False Alarm: 0.0794
Seasonal F1: {'cool_dry': 0.6428571428571429, 'hot_dry': 0.9155172413793105, 'rainy': 0.6730401529636711}
Regional F1: {'south': 0.38641376268195854, 'central': 0.38641376268195854, 'north': 0.38641376268195854}
Model checkpoint saved to: models\heatwave_model_checkpoint_v45.pth

[Report] Generating training report...
      Training report saved: output\training_report_20260410_180932.png

============================================================
TRAINING COMPLETED SUCCESSFULLY
============================================================
Model saved to: models\heatwave_model_checkpoint_v45.pth
Test F1: 0.8369
Test Precision: 0.8220
Test Recall: 0.8524
