2026-04-11 23:33:58,762 - heatwave - INFO - Loading 34 files from era5_data...
2026-04-11 23:34:23,318 - heatwave - WARNING - No NASA POWER files found matching nasa_power*.nc
2026-04-11 23:34:23,319 - heatwave - INFO - No NASA POWER data found, using ERA5 only
2026-04-11 23:34:23,319 - heatwave - INFO - Preparing training data (dynamic + static channels)...
2026-04-11 23:34:23,319 - heatwave - WARNING - Variable tp not found, filling with zeros.
2026-04-11 23:34:23,331 - heatwave - WARNING - Variable humidity not found, filling with zeros.
2026-04-11 23:34:29,582 - heatwave - INFO - Loading 34 files from era5_data...
2026-04-11 23:34:48,143 - heatwave - WARNING - No NASA POWER files found matching nasa_power*.nc
2026-04-11 23:34:48,144 - heatwave - INFO - No NASA POWER data found, using ERA5 only
2026-04-11 23:34:48,145 - heatwave - INFO - Preparing training data (dynamic + static channels)...
2026-04-11 23:34:48,145 - heatwave - WARNING - Variable tp not found, filling with zeros.
2026-04-11 23:34:48,155 - heatwave - WARNING - Variable humidity not found, filling with zeros.
2026-04-11 23:34:53,263 - heatwave - INFO - Loading 34 files from era5_data...
2026-04-11 23:35:12,864 - heatwave - WARNING - No NASA POWER files found matching nasa_power*.nc
2026-04-11 23:35:12,865 - heatwave - INFO - No NASA POWER data found, using ERA5 only
2026-04-11 23:35:12,865 - heatwave - INFO - Preparing training data (dynamic + static channels)...
2026-04-11 23:35:12,865 - heatwave - WARNING - Variable tp not found, filling with zeros.
2026-04-11 23:35:12,874 - heatwave - WARNING - Variable humidity not found, filling with zeros.
2026-04-11 23:37:16,938 - heatwave - INFO - Loading 34 files from D:\Heat-wave-backend\era5_data...
2026-04-11 23:37:35,212 - heatwave - WARNING - No NASA POWER files found matching nasa_power*.nc
2026-04-11 23:37:35,213 - heatwave - INFO - No NASA POWER data found, using ERA5 only
2026-04-12 00:19:32,647 - heatwave - INFO - Loading 34 files from D:\Heat-wave-backend\era5_data...
2026-04-12 00:19:46,988 - heatwave - WARNING - No NASA POWER files found matching nasa_power*.nc
2026-04-12 00:19:46,988 - heatwave - INFO - No NASA POWER data found, using ERA5 only
2026-04-12 00:20:52,883 - heatwave - INFO - Loading 34 files from D:\Heat-wave-backend\era5_data...
2026-04-12 00:21:08,801 - heatwave - WARNING - No NASA POWER files found matching nasa_power*.nc
2026-04-12 00:21:08,801 - heatwave - INFO - No NASA POWER data found, using ERA5 only
2026-04-12 00:22:27,733 - heatwave - INFO - Loading 34 files from D:\Heat-wave-backend\era5_data...
2026-04-12 00:22:44,427 - heatwave - WARNING - No NASA POWER files found matching nasa_power*.nc
2026-04-12 00:22:44,428 - heatwave - INFO - No NASA POWER data found, using ERA5 only
2026-04-12 00:22:44,428 - heatwave - INFO - Preparing training data (dynamic + static channels)...
2026-04-12 00:22:44,428 - heatwave - WARNING - Variable tp not found, filling with zeros.
2026-04-12 00:22:44,436 - heatwave - WARNING - Variable humidity not found, filling with zeros.
2026-04-12 00:23:56,628 - heatwave - INFO - Loading 34 files from D:\Heat-wave-backend\era5_data...
2026-04-12 00:24:12,616 - heatwave - WARNING - No NASA POWER files found matching nasa_power*.nc
2026-04-12 00:24:12,616 - heatwave - INFO - No NASA POWER data found, using ERA5 only
2026-04-12 00:24:12,616 - heatwave - INFO - Preparing training data (dynamic + static channels)...
2026-04-12 00:24:12,616 - heatwave - WARNING - Variable tp not found, filling with zeros.
2026-04-12 00:24:12,623 - heatwave - WARNING - Variable humidity not found, filling with zeros.
2026-04-12 00:24:45,083 - heatwave - INFO - Loading 34 files from D:\Heat-wave-backend\era5_data...
2026-04-12 00:25:02,602 - heatwave - WARNING - No NASA POWER files found matching nasa_power*.nc
2026-04-12 00:25:02,603 - heatwave - INFO - No NASA POWER data found, using ERA5 only
2026-04-12 00:25:02,603 - heatwave - INFO - Preparing training data (dynamic + static channels)...
2026-04-12 00:25:02,603 - heatwave - WARNING - Variable tp not found, filling with zeros.
2026-04-12 00:25:02,611 - heatwave - WARNING - Variable humidity not found, filling with zeros.
2026-04-23 21:38:13,070 - heatwave - INFO - Attempting to load model from D:\Heat-wave-backend\models\heatwave_model_checkpoint_v60.pth...
2026-04-23 21:38:29,184 - heatwave - INFO - Successfully loaded Sklearn model type: balanced_random_forest
2026-04-23 21:39:58,732 - heatwave - INFO - Attempting to load model from D:\Heat-wave-backend\models\heatwave_model_checkpoint_v60.pth...
2026-04-23 21:39:59,922 - heatwave - INFO - Successfully loaded Sklearn model type: balanced_random_forest
2026-04-23 21:40:08,281 - heatwave - INFO - Attempting to load model from D:\Heat-wave-backend\models\heatwave_model_checkpoint_v60.pth...
2026-04-23 21:40:08,285 - heatwave - INFO - Successfully loaded Sklearn model type: balanced_random_forest
2026-04-23 21:51:54,327 - heatwave - INFO - Attempting to load model from D:\Heat-wave-backend\models\heatwave_model_checkpoint_v60.pth...
2026-04-23 21:51:55,658 - heatwave - INFO - Successfully loaded Sklearn model type: balanced_random_forest
2026-04-23 21:51:55,690 - heatwave - INFO - Attempting to load model from D:\Heat-wave-backend\models\heatwave_model_checkpoint_v60.pth...
2026-04-23 21:51:55,694 - heatwave - INFO - Successfully loaded Sklearn model type: balanced_random_forest
2026-04-23 22:02:49,650 - heatwave - INFO - Attempting to load model from D:\Heat-wave-backend\models\heatwave_model_checkpoint_v60.pth...
2026-04-23 22:02:50,796 - heatwave - INFO - Successfully loaded Sklearn model type: balanced_random_forest
2026-04-23 22:02:50,848 - heatwave - INFO - Attempting to load model from D:\Heat-wave-backend\models\heatwave_model_checkpoint_v60.pth...
2026-04-23 22:02:50,852 - heatwave - INFO - Successfully loaded Sklearn model type: balanced_random_forest
2026-04-23 22:05:41,835 - heatwave - INFO - Attempting to load model from D:\Heat-wave-backend\models\heatwave_model_checkpoint_v60.pth...
2026-04-23 22:05:42,918 - heatwave - INFO - Successfully loaded Sklearn model type: balanced_random_forest
2026-04-23 22:05:42,982 - heatwave - INFO - Attempting to load model from D:\Heat-wave-backend\models\heatwave_model_checkpoint_v60.pth...
2026-04-23 22:05:42,986 - heatwave - INFO - Successfully loaded Sklearn model type: balanced_random_forest
2026-04-23 22:10:14,557 - heatwave - INFO - Attempting to load model from D:\Heat-wave-backend\models\heatwave_model_checkpoint_v60.pth...
2026-04-23 22:10:15,663 - heatwave - INFO - Successfully loaded Sklearn model type: balanced_random_forest
2026-04-23 22:10:15,721 - heatwave - INFO - Attempting to load model from D:\Heat-wave-backend\models\heatwave_model_checkpoint_v60.pth...
2026-04-23 22:10:15,725 - heatwave - INFO - Successfully loaded Sklearn model type: balanced_random_forest
2026-04-24 03:26:43,091 - heatwave - INFO - Attempting to load model from D:\Heat-wave-backend\models\heatwave_model_checkpoint_v60.pth...
2026-04-24 03:26:44,649 - heatwave - INFO - Successfully loaded Sklearn model type: balanced_random_forest
2026-04-24 03:26:44,722 - heatwave - INFO - Attempting to load model from D:\Heat-wave-backend\models\heatwave_model_checkpoint_v60.pth...
2026-04-24 03:26:44,726 - heatwave - INFO - Successfully loaded Sklearn model type: balanced_random_forest
2026-04-24 18:52:27,069 - heatwave - INFO - Attempting to load model from D:\Heat-wave-backend\models\heatwave_model_checkpoint_v60.pth...
2026-04-24 18:52:48,118 - heatwave - INFO - Successfully loaded Sklearn model type: balanced_random_forest
2026-04-24 18:52:48,187 - heatwave - INFO - Attempting to load model from D:\Heat-wave-backend\models\heatwave_model_checkpoint_v60.pth...
2026-04-24 18:52:48,193 - heatwave - INFO - Successfully loaded Sklearn model type: balanced_random_forest
2026-04-24 18:54:58,322 - heatwave - INFO - Attempting to load model from D:\Heat-wave-backend\models\heatwave_model_checkpoint_v60.pth...
2026-04-24 18:54:59,618 - heatwave - INFO - Successfully loaded Sklearn model type: balanced_random_forest
2026-04-24 18:54:59,713 - heatwave - INFO - Attempting to load model from D:\Heat-wave-backend\models\heatwave_model_checkpoint_v60.pth...
2026-04-24 18:54:59,720 - heatwave - INFO - Successfully loaded Sklearn model type: balanced_random_forest
2026-04-24 18:59:20,853 - heatwave - INFO - Attempting to load model from D:\Heat-wave-backend\models\heatwave_model_checkpoint_v60.pth...
2026-04-24 18:59:22,385 - heatwave - INFO - Successfully loaded Sklearn model type: balanced_random_forest
2026-04-24 18:59:22,486 - heatwave - INFO - Attempting to load model from D:\Heat-wave-backend\models\heatwave_model_checkpoint_v60.pth...
2026-04-24 18:59:22,493 - heatwave - INFO - Successfully loaded Sklearn model type: balanced_random_forest
2026-04-24 20:06:55,171 - heatwave - INFO - Exported heatmap data to output/heatmap_export_20260424_200655.csv
2026-04-24 20:06:56,279 - heatwave - INFO - Exported heatmap data to output/heatmap_export_20260424_200656.csv
2026-04-24 20:06:57,185 - heatwave - INFO - Exported heatmap data to output/heatmap_export_20260424_200657.csv
2026-04-24 20:28:08,915 - heatwave - INFO - Exported heatmap data to output/heatmap_export_20260424_202808.csv
2026-04-24 20:57:00,393 - heatwave - INFO - Loading ERA5 data from D:\Heat-wave-backend\era5_data\era5_surface_2000.nc
2026-04-24 20:57:01,236 - heatwave - INFO - Loaded ERA5 data: shape=(366, 65, 37), range=[6.0, 36.9]
2026-04-24 21:05:50,928 - heatwave - INFO - Loading ERA5 data from D:\Heat-wave-backend\era5_data\era5_surface_2000.nc
2026-04-24 21:05:51,111 - heatwave - INFO - Loaded ERA5 data: shape=(65, 37), range=[18.3, 29.8]
2026-04-24 21:06:25,169 - heatwave - INFO - Loading ERA5 data from D:\Heat-wave-backend\era5_data\era5_surface_2000.nc
2026-04-24 21:06:25,348 - heatwave - INFO - Loaded ERA5 data: shape=(65, 37), range=[18.3, 29.8]
2026-04-24 21:22:18,077 - heatwave - INFO - Loading ERA5 data from D:\Heat-wave-backend\era5_data\era5_surface_2000.nc
2026-04-24 21:22:18,254 - heatwave - INFO - Downsampled ERA5 data from (65, 37) to (65, 37)
2026-04-24 21:22:18,259 - heatwave - INFO - Loaded ERA5 data: shape=(65, 37), range=[18.3, 29.8]
2026-04-24 21:39:56,119 - heatwave - INFO - Loading ERA5 data from D:\Heat-wave-backend\era5_data\era5_surface_2000.nc
2026-04-24 21:39:56,309 - heatwave - INFO - Downsampled ERA5 data from (65, 37) to (65, 37)
2026-04-24 21:39:56,313 - heatwave - ERROR - Failed to load real data: The truth value of an array with more than one element is ambiguous. Use a.any() or a.all()
2026-04-24 21:40:35,357 - heatwave - INFO - Loading ERA5 data from D:\Heat-wave-backend\era5_data\era5_surface_2000.nc
2026-04-24 21:40:35,578 - heatwave - INFO - Downsampled ERA5 data from (65, 37) to (65, 37)
2026-04-24 21:40:35,580 - heatwave - ERROR - Failed to load real data: The truth value of an array with more than one element is ambiguous. Use a.any() or a.all()
2026-04-24 21:53:55,515 - heatwave - INFO - Loading ERA5 data from D:\Heat-wave-backend\era5_data\era5_surface_2000.nc
2026-04-24 21:53:55,702 - heatwave - INFO - Downsampled ERA5 data from (65, 37) to (65, 37)
2026-04-24 21:53:55,705 - heatwave - ERROR - Failed to load real data: The truth value of an array with more than one element is ambiguous. Use a.any() or a.all()
2026-04-24 21:54:08,397 - heatwave - ERROR - Failed to load real data: The truth value of an array with more than one element is ambiguous. Use a.any() or a.all()
2026-04-24 21:54:13,346 - heatwave - ERROR - Failed to load real data: The truth value of an array with more than one element is ambiguous. Use a.any() or a.all()
2026-04-24 21:54:16,932 - heatwave - ERROR - Failed to load real data: The truth value of an array with more than one element is ambiguous. Use a.any() or a.all()
2026-04-24 21:54:21,776 - heatwave - ERROR - Failed to load real data: The truth value of an array with more than one element is ambiguous. Use a.any() or a.all()
2026-04-24 21:54:27,440 - heatwave - ERROR - Failed to load real data: The truth value of an array with more than one element is ambiguous. Use a.any() or a.all()
2026-04-24 21:54:29,064 - heatwave - ERROR - Failed to load real data: The truth value of an array with more than one element is ambiguous. Use a.any() or a.all()
2026-04-24 21:54:31,376 - heatwave - ERROR - Failed to load real data: The truth value of an array with more than one element is ambiguous. Use a.any() or a.all()
2026-04-24 21:54:38,982 - heatwave - ERROR - Failed to load real data: The truth value of an array with more than one element is ambiguous. Use a.any() or a.all()
2026-04-24 21:58:56,030 - heatwave - INFO - Loading ERA5 data from D:\Heat-wave-backend\era5_data\era5_surface_2000.nc
2026-04-24 21:58:56,208 - heatwave - INFO - Downsampled ERA5 data from (65, 37) to (65, 37)
2026-04-24 21:58:56,209 - heatwave - ERROR - Failed to load real data: The truth value of an array with more than one element is ambiguous. Use a.any() or a.all()
2026-04-24 21:59:03,599 - heatwave - INFO - Attempting to load model from D:\Heat-wave-backend\models\heatwave_model_checkpoint_v60.pth...
2026-04-25 17:54:23,800 - heatwave - INFO - DataLoader cache enabled: D:\Heat-wave-backend\era5_data\.cache
2026-04-25 18:29:04,764 - heatwave - INFO - DataLoader cache enabled: D:\Heat-wave-backend\era5_data\.cache
2026-04-25 20:42:49,006 - heatwave - INFO - Starting FastAPI backend...
2026-04-25 20:42:49,006 - heatwave - INFO - ModelManager initialized successfully
2026-04-25 20:46:59,118 - heatwave - INFO - Shutting down FastAPI backend...
2026-04-25 20:47:06,770 - heatwave - INFO - Starting FastAPI backend...
2026-04-25 20:47:06,770 - heatwave - INFO - ModelManager initialized successfully
2026-04-25 20:51:29,116 - heatwave - INFO - Starting FastAPI backend...
2026-04-25 20:51:29,116 - heatwave - INFO - ModelManager initialized successfully
2026-04-25 21:28:04,755 - heatwave - INFO - Shutting down FastAPI backend...
2026-04-25 21:28:09,354 - heatwave - INFO - Starting FastAPI backend...
2026-04-25 21:28:09,354 - heatwave - INFO - ModelManager initialized successfully
2026-04-25 21:38:05,690 - heatwave - INFO - Shutting down FastAPI backend...
2026-04-25 21:38:10,211 - heatwave - INFO - Starting FastAPI backend...
2026-04-25 21:38:10,211 - heatwave - INFO - ModelManager initialized successfully
2026-04-25 21:38:14,293 - heatwave - INFO - Starting FastAPI backend...
2026-04-25 21:38:14,293 - heatwave - INFO - ModelManager initialized successfully
2026-04-25 21:43:11,135 - heatwave - INFO - Shutting down FastAPI backend...
2026-04-25 21:43:15,474 - heatwave - INFO - Starting FastAPI backend...
2026-04-25 21:43:15,474 - heatwave - INFO - ModelManager initialized successfully
2026-04-25 21:45:12,087 - heatwave - INFO - Starting FastAPI backend...
2026-04-25 21:45:12,087 - heatwave - INFO - ModelManager initialized successfully
2026-04-25 21:50:14,099 - heatwave - INFO - Shutting down FastAPI backend...
2026-04-25 21:50:17,338 - heatwave - INFO - Starting FastAPI backend...
2026-04-25 21:50:17,338 - heatwave - INFO - ModelManager initialized successfully
2026-04-25 21:51:02,078 - heatwave - INFO - Shutting down FastAPI backend...
2026-04-25 21:51:05,078 - heatwave - INFO - Starting FastAPI backend...
2026-04-25 21:51:05,078 - heatwave - INFO - ModelManager initialized successfully
2026-04-25 21:51:05,168 - heatwave - INFO - Starting FastAPI backend...
2026-04-25 21:51:05,168 - heatwave - INFO - ModelManager initialized successfully
2026-04-25 21:51:07,887 - heatwave - INFO - Starting FastAPI backend...
2026-04-25 21:51:07,887 - heatwave - INFO - ModelManager initialized successfully
2026-04-25 21:57:29,198 - heatwave - INFO - Starting FastAPI backend...
2026-04-25 21:57:29,198 - heatwave - INFO - ModelManager initialized successfully
2026-04-25 22:10:08,227 - heatwave - INFO - Attempting to load model from D:\Heat-wave-backend\models\heatwave_model_checkpoint_v60.pth...
2026-04-25 22:10:08,232 - heatwave - INFO - Successfully loaded Sklearn model type: balanced_random_forest
2026-04-25 22:10:08,232 - heatwave - INFO - DataLoader cache enabled: D:\Heat-wave-backend\era5_data\.cache
2026-04-25 22:10:08,233 - heatwave - INFO - Loading 34 files from D:\Heat-wave-backend\era5_data...
2026-04-25 22:10:20,765 - heatwave - WARNING - No NASA POWER files found matching nasa_power*.nc
2026-04-25 22:10:20,765 - heatwave - INFO - No NASA POWER data found, using ERA5 only
2026-04-25 22:14:32,339 - heatwave - INFO - Starting FastAPI backend...
2026-04-25 22:14:32,340 - heatwave - INFO - ModelManager initialized successfully
2026-04-25 22:14:47,599 - heatwave - INFO - Shutting down FastAPI backend...
2026-04-25 22:14:50,707 - heatwave - INFO - Starting FastAPI backend...
2026-04-25 22:14:50,707 - heatwave - INFO - ModelManager initialized successfully
2026-04-25 22:14:53,776 - heatwave - INFO - Starting FastAPI backend...
2026-04-25 22:14:53,776 - heatwave - INFO - ModelManager initialized successfully
2026-04-25 22:15:16,224 - heatwave - INFO - Starting FastAPI backend...
2026-04-25 22:15:16,225 - heatwave - INFO - ModelManager initialized successfully
2026-04-25 22:15:55,199 - heatwave - INFO - Starting FastAPI backend...
2026-04-25 22:15:55,199 - heatwave - INFO - ModelManager initialized successfully
2026-04-25 22:17:02,212 - heatwave - INFO - Starting FastAPI backend...
2026-04-25 22:17:02,213 - heatwave - INFO - ModelManager initialized successfully
2026-04-25 22:17:02,214 - heatwave - INFO - Shutting down FastAPI backend...
2026-04-25 22:17:11,684 - heatwave - INFO - Starting FastAPI backend...
2026-04-25 22:17:11,684 - heatwave - INFO - ModelManager initialized successfully
2026-04-25 22:17:11,685 - heatwave - INFO - Shutting down FastAPI backend...
2026-04-25 22:17:41,365 - heatwave - INFO - Shutting down FastAPI backend...
2026-04-25 22:17:41,704 - heatwave - INFO - Shutting down FastAPI backend...
2026-04-25 22:17:46,904 - heatwave - INFO - Starting FastAPI backend...
2026-04-25 22:17:46,905 - heatwave - INFO - ModelManager initialized successfully
2026-04-25 22:17:46,906 - heatwave - INFO - Shutting down FastAPI backend...
2026-04-25 22:18:45,094 - heatwave - INFO - Starting FastAPI backend...
2026-04-25 22:18:45,094 - heatwave - INFO - ModelManager initialized successfully
2026-04-25 22:19:02,097 - heatwave - INFO - Starting FastAPI backend...
2026-04-25 22:19:02,097 - heatwave - INFO - ModelManager initialized successfully
2026-04-25 22:20:14,042 - heatwave - INFO - Attempting to load model from D:\Heat-wave-backend\models\heatwave_model_checkpoint_v60.pth...
2026-04-25 22:20:14,045 - heatwave - INFO - Successfully loaded Sklearn model type: balanced_random_forest
2026-04-25 22:20:14,045 - heatwave - INFO - DataLoader cache enabled: D:\Heat-wave-backend\era5_data\.cache
2026-04-25 22:20:14,046 - heatwave - INFO - Loading 34 files from D:\Heat-wave-backend\era5_data...
2026-04-25 22:20:24,854 - heatwave - WARNING - No NASA POWER files found matching nasa_power*.nc
2026-04-25 22:20:24,856 - heatwave - INFO - No NASA POWER data found, using ERA5 only
2026-04-25 22:20:38,079 - heatwave - INFO - DataLoader cache enabled: D:\Heat-wave-backend\era5_data\.cache
2026-04-25 22:20:38,080 - heatwave - INFO - Loading 34 files from D:\Heat-wave-backend\era5_data...
2026-04-25 22:20:48,673 - heatwave - WARNING - No NASA POWER files found matching nasa_power*.nc
2026-04-25 22:20:48,673 - heatwave - INFO - No NASA POWER data found, using ERA5 only
2026-04-25 22:21:15,198 - heatwave - INFO - DataLoader cache enabled: D:\Heat-wave-backend\era5_data\.cache
2026-04-25 22:21:15,199 - heatwave - INFO - Loading 34 files from D:\Heat-wave-backend\era5_data...
2026-04-25 22:21:24,937 - heatwave - WARNING - No NASA POWER files found matching nasa_power*.nc
2026-04-25 22:21:24,937 - heatwave - INFO - No NASA POWER data found, using ERA5 only
2026-04-25 22:22:36,827 - heatwave - INFO - DataLoader cache enabled: D:\Heat-wave-backend\era5_data\.cache
2026-04-25 22:22:36,827 - heatwave - INFO - Loading 34 files from D:\Heat-wave-backend\era5_data...
2026-04-25 22:22:46,882 - heatwave - WARNING - No NASA POWER files found matching nasa_power*.nc
2026-04-25 22:22:46,882 - heatwave - INFO - No NASA POWER data found, using ERA5 only
2026-04-25 22:23:59,396 - heatwave - INFO - Shutting down FastAPI backend...
2026-04-25 22:24:02,745 - heatwave - INFO - Starting FastAPI backend...
2026-04-25 22:24:02,745 - heatwave - INFO - ModelManager initialized successfully
2026-04-25 22:24:05,958 - heatwave - INFO - Starting FastAPI backend...
2026-04-25 22:24:05,958 - heatwave - INFO - ModelManager initialized successfully
2026-04-25 22:24:19,618 - heatwave - INFO - Starting FastAPI backend...
2026-04-25 22:24:19,618 - heatwave - INFO - ModelManager initialized successfully
2026-04-25 22:24:41,469 - heatwave - INFO - Attempting to load model from models\heatwave_daily_xgboost_v7.pth...
2026-04-25 22:24:42,355 - heatwave - INFO - Successfully loaded Sklearn model type: xgboost_daily
2026-04-25 22:24:42,356 - heatwave - INFO - DataLoader cache enabled: D:\Heat-wave-backend\era5_data\.cache
2026-04-25 22:24:42,356 - heatwave - INFO - Loading 34 files from D:\Heat-wave-backend\era5_data...
2026-04-25 22:24:53,147 - heatwave - WARNING - No NASA POWER files found matching nasa_power*.nc
2026-04-25 22:24:53,148 - heatwave - INFO - No NASA POWER data found, using ERA5 only
2026-04-25 22:24:57,457 - heatwave - INFO - DataLoader cache enabled: D:\Heat-wave-backend\era5_data\.cache
2026-04-25 22:24:57,458 - heatwave - INFO - Loading 34 files from D:\Heat-wave-backend\era5_data...
2026-04-25 22:25:07,976 - heatwave - WARNING - No NASA POWER files found matching nasa_power*.nc
2026-04-25 22:25:07,976 - heatwave - INFO - No NASA POWER data found, using ERA5 only
2026-04-25 22:25:21,346 - heatwave - INFO - DataLoader cache enabled: D:\Heat-wave-backend\era5_data\.cache
2026-04-25 22:25:21,346 - heatwave - INFO - Loading 34 files from D:\Heat-wave-backend\era5_data...
2026-04-25 22:25:32,221 - heatwave - WARNING - No NASA POWER files found matching nasa_power*.nc
2026-04-25 22:25:32,222 - heatwave - INFO - No NASA POWER data found, using ERA5 only
2026-04-25 22:25:32,225 - heatwave - INFO - Preparing training data (dynamic + static channels)...
2026-04-25 22:25:32,225 - heatwave - WARNING - Variable tp not found, filling with zeros.
2026-04-25 22:25:32,233 - heatwave - WARNING - Variable humidity not found, filling with zeros.
2026-04-25 22:25:33,576 - heatwave - INFO - Saved data to cache: e34ae837601602990087fafcda4a66bd.pkl
2026-04-25 22:26:03,887 - heatwave - INFO - Attempting to load model from models\heatwave_daily_xgboost_v7.pth...
2026-04-25 22:26:03,894 - heatwave - INFO - Successfully loaded Sklearn model type: xgboost_daily
2026-04-25 22:32:44,060 - heatwave - INFO - Starting FastAPI backend...
2026-04-25 22:32:44,060 - heatwave - INFO - ModelManager initialized successfully
2026-04-25 22:42:02,155 - heatwave - INFO - Starting FastAPI backend...
2026-04-25 22:42:02,155 - heatwave - INFO - ModelManager initialized successfully
2026-04-26 23:25:38,483 - heatwave - INFO - Starting FastAPI backend...
2026-04-26 23:25:38,484 - heatwave - INFO - ModelManager initialized successfully
2026-04-26 23:25:48,031 - heatwave - INFO - Attempting to load model from D:\Heat-wave-backend\models\heatwave_daily_xgboost_v7.pth...
2026-04-26 23:25:49,421 - heatwave - INFO - Successfully loaded Sklearn model type: xgboost_daily
2026-04-26 23:25:49,421 - heatwave - INFO - DataLoader cache enabled: D:\Heat-wave-backend\era5_data\.cache
2026-04-26 23:25:49,422 - heatwave - INFO - Loading 34 files from D:\Heat-wave-backend\era5_data...
2026-04-26 23:26:00,414 - heatwave - WARNING - No NASA POWER files found matching nasa_power*.nc
2026-04-26 23:26:00,415 - heatwave - INFO - No NASA POWER data found, using ERA5 only
2026-04-26 23:26:04,806 - heatwave - INFO - DataLoader cache enabled: D:\Heat-wave-backend\era5_data\.cache
2026-04-26 23:26:04,807 - heatwave - INFO - Loading 34 files from D:\Heat-wave-backend\era5_data...
2026-04-26 23:26:15,000 - heatwave - WARNING - No NASA POWER files found matching nasa_power*.nc
2026-04-26 23:26:15,000 - heatwave - INFO - No NASA POWER data found, using ERA5 only
2026-04-26 23:28:37,832 - heatwave - INFO - Attempting to load model from D:\Heat-wave-backend\models\heatwave_daily_xgboost_v7.pth...
2026-04-26 23:28:37,838 - heatwave - INFO - Successfully loaded Sklearn model type: xgboost_daily
2026-04-26 23:48:43,533 - heatwave - INFO - Starting FastAPI backend...
2026-04-26 23:48:43,533 - heatwave - INFO - ModelManager initialized successfully
2026-04-26 23:49:13,475 - heatwave - INFO - DataLoader cache enabled: D:\Heat-wave-backend\era5_data\.cache
2026-04-26 23:49:13,476 - heatwave - INFO - Loading 34 files from D:\Heat-wave-backend\era5_data...
2026-04-26 23:49:26,448 - heatwave - WARNING - No NASA POWER files found matching nasa_power*.nc
2026-04-26 23:49:26,449 - heatwave - INFO - No NASA POWER data found, using ERA5 only
2026-04-26 23:49:26,512 - heatwave - INFO - DataLoader cache enabled: D:\Heat-wave-backend\era5_data\.cache
2026-04-26 23:49:26,513 - heatwave - INFO - Loading 34 files from D:\Heat-wave-backend\era5_data...
2026-04-26 23:49:37,224 - heatwave - WARNING - No NASA POWER files found matching nasa_power*.nc
2026-04-26 23:49:37,224 - heatwave - INFO - No NASA POWER data found, using ERA5 only
2026-04-26 23:49:37,276 - heatwave - INFO - DataLoader cache enabled: D:\Heat-wave-backend\era5_data\.cache
2026-04-26 23:49:37,276 - heatwave - INFO - Loading 34 files from D:\Heat-wave-backend\era5_data...
2026-04-26 23:49:48,821 - heatwave - WARNING - No NASA POWER files found matching nasa_power*.nc
2026-04-26 23:49:48,822 - heatwave - INFO - No NASA POWER data found, using ERA5 only
2026-04-26 23:49:58,578 - heatwave - INFO - DataLoader cache enabled: D:\Heat-wave-backend\era5_data\.cache
2026-04-26 23:49:58,579 - heatwave - INFO - Loading 34 files from D:\Heat-wave-backend\era5_data...
2026-04-26 23:50:11,412 - heatwave - WARNING - No NASA POWER files found matching nasa_power*.nc
2026-04-26 23:50:11,412 - heatwave - INFO - No NASA POWER data found, using ERA5 only
2026-04-26 23:50:11,440 - heatwave - INFO - DataLoader cache enabled: D:\Heat-wave-backend\era5_data\.cache
2026-04-26 23:50:11,440 - heatwave - INFO - Loading 34 files from D:\Heat-wave-backend\era5_data...
2026-04-26 23:50:24,485 - heatwave - WARNING - No NASA POWER files found matching nasa_power*.nc
2026-04-26 23:50:24,486 - heatwave - INFO - No NASA POWER data found, using ERA5 only
2026-04-26 23:55:00,749 - heatwave - INFO - DataLoader cache enabled: D:\Heat-wave-backend\era5_data\.cache
2026-04-26 23:55:00,749 - heatwave - INFO - Loading 34 files from D:\Heat-wave-backend\era5_data...
2026-04-26 23:55:13,297 - heatwave - WARNING - No NASA POWER files found matching nasa_power*.nc
2026-04-26 23:55:13,297 - heatwave - INFO - No NASA POWER data found, using ERA5 only
2026-04-26 23:55:13,319 - heatwave - INFO - DataLoader cache enabled: D:\Heat-wave-backend\era5_data\.cache
2026-04-26 23:55:13,319 - heatwave - INFO - Loading 34 files from D:\Heat-wave-backend\era5_data...
2026-04-26 23:55:26,162 - heatwave - WARNING - No NASA POWER files found matching nasa_power*.nc
2026-04-26 23:55:26,162 - heatwave - INFO - No NASA POWER data found, using ERA5 only
2026-04-26 23:55:51,118 - heatwave - INFO - DataLoader cache enabled: D:\Heat-wave-backend\era5_data\.cache
2026-04-26 23:55:51,118 - heatwave - INFO - Loading 34 files from D:\Heat-wave-backend\era5_data...
2026-04-26 23:56:03,139 - heatwave - WARNING - No NASA POWER files found matching nasa_power*.nc
2026-04-26 23:56:03,139 - heatwave - INFO - No NASA POWER data found, using ERA5 only
2026-04-26 23:56:03,158 - heatwave - INFO - DataLoader cache enabled: D:\Heat-wave-backend\era5_data\.cache
2026-04-26 23:56:03,158 - heatwave - INFO - Loading 34 files from D:\Heat-wave-backend\era5_data...
2026-04-26 23:56:15,520 - heatwave - WARNING - No NASA POWER files found matching nasa_power*.nc
2026-04-26 23:56:15,521 - heatwave - INFO - No NASA POWER data found, using ERA5 only
2026-04-26 23:56:15,536 - heatwave - INFO - DataLoader cache enabled: D:\Heat-wave-backend\era5_data\.cache
2026-04-26 23:56:15,537 - heatwave - INFO - Loading 34 files from D:\Heat-wave-backend\era5_data...
2026-04-26 23:56:26,361 - heatwave - WARNING - No NASA POWER files found matching nasa_power*.nc
2026-04-26 23:56:26,361 - heatwave - INFO - No NASA POWER data found, using ERA5 only
2026-04-26 23:56:26,381 - heatwave - INFO - DataLoader cache enabled: D:\Heat-wave-backend\era5_data\.cache
2026-04-26 23:56:26,382 - heatwave - INFO - Loading 34 files from D:\Heat-wave-backend\era5_data...
2026-04-26 23:56:37,122 - heatwave - WARNING - No NASA POWER files found matching nasa_power*.nc
2026-04-26 23:56:37,122 - heatwave - INFO - No NASA POWER data found, using ERA5 only
2026-04-26 23:56:37,142 - heatwave - INFO - DataLoader cache enabled: D:\Heat-wave-backend\era5_data\.cache
2026-04-26 23:56:37,142 - heatwave - INFO - Loading 34 files from D:\Heat-wave-backend\era5_data...
2026-04-26 23:56:48,032 - heatwave - WARNING - No NASA POWER files found matching nasa_power*.nc
2026-04-26 23:56:48,034 - heatwave - INFO - No NASA POWER data found, using ERA5 only
2026-04-26 23:56:48,051 - heatwave - INFO - DataLoader cache enabled: D:\Heat-wave-backend\era5_data\.cache
2026-04-26 23:56:48,052 - heatwave - INFO - Loading 34 files from D:\Heat-wave-backend\era5_data...
2026-04-26 23:56:58,915 - heatwave - WARNING - No NASA POWER files found matching nasa_power*.nc
2026-04-26 23:56:58,915 - heatwave - INFO - No NASA POWER data found, using ERA5 only
2026-04-26 23:56:58,932 - heatwave - INFO - DataLoader cache enabled: D:\Heat-wave-backend\era5_data\.cache
2026-04-26 23:56:58,933 - heatwave - INFO - Loading 34 files from D:\Heat-wave-backend\era5_data...
2026-04-26 23:57:10,427 - heatwave - WARNING - No NASA POWER files found matching nasa_power*.nc
2026-04-26 23:57:10,427 - heatwave - INFO - No NASA POWER data found, using ERA5 only
2026-04-26 23:57:10,449 - heatwave - INFO - DataLoader cache enabled: D:\Heat-wave-backend\era5_data\.cache
2026-04-26 23:57:10,450 - heatwave - INFO - Loading 34 files from D:\Heat-wave-backend\era5_data...
2026-04-26 23:57:22,381 - heatwave - WARNING - No NASA POWER files found matching nasa_power*.nc
2026-04-26 23:57:22,382 - heatwave - INFO - No NASA POWER data found, using ERA5 only
2026-04-26 23:59:27,104 - heatwave - INFO - DataLoader cache enabled: D:\Heat-wave-backend\era5_data\.cache
2026-04-26 23:59:27,104 - heatwave - INFO - Loading 34 files from D:\Heat-wave-backend\era5_data...
2026-04-26 23:59:39,371 - heatwave - WARNING - No NASA POWER files found matching nasa_power*.nc
2026-04-26 23:59:39,371 - heatwave - INFO - No NASA POWER data found, using ERA5 only
2026-04-26 23:59:39,392 - heatwave - INFO - DataLoader cache enabled: D:\Heat-wave-backend\era5_data\.cache
2026-04-26 23:59:39,393 - heatwave - INFO - Loading 34 files from D:\Heat-wave-backend\era5_data...
2026-04-26 23:59:51,557 - heatwave - WARNING - No NASA POWER files found matching nasa_power*.nc
2026-04-26 23:59:51,558 - heatwave - INFO - No NASA POWER data found, using ERA5 only
2026-04-26 23:59:51,575 - heatwave - INFO - DataLoader cache enabled: D:\Heat-wave-backend\era5_data\.cache
2026-04-26 23:59:51,576 - heatwave - INFO - Loading 34 files from D:\Heat-wave-backend\era5_data...
2026-04-27 00:00:02,753 - heatwave - WARNING - No NASA POWER files found matching nasa_power*.nc
2026-04-27 00:00:02,753 - heatwave - INFO - No NASA POWER data found, using ERA5 only
2026-04-27 00:00:02,772 - heatwave - INFO - DataLoader cache enabled: D:\Heat-wave-backend\era5_data\.cache
2026-04-27 00:00:02,773 - heatwave - INFO - Loading 34 files from D:\Heat-wave-backend\era5_data...
2026-04-27 00:00:12,952 - heatwave - WARNING - No NASA POWER files found matching nasa_power*.nc
2026-04-27 00:00:12,952 - heatwave - INFO - No NASA POWER data found, using ERA5 only
2026-04-27 00:03:55,244 - heatwave - INFO - DataLoader cache enabled: D:\Heat-wave-backend\era5_data\.cache
2026-04-27 00:03:55,245 - heatwave - INFO - Loading 34 files from D:\Heat-wave-backend\era5_data...
2026-04-27 00:04:05,705 - heatwave - WARNING - No NASA POWER files found matching nasa_power*.nc
2026-04-27 00:04:05,705 - heatwave - INFO - No NASA POWER data found, using ERA5 only
2026-04-27 00:04:05,724 - heatwave - INFO - DataLoader cache enabled: D:\Heat-wave-backend\era5_data\.cache
2026-04-27 00:04:05,724 - heatwave - INFO - Loading 34 files from D:\Heat-wave-backend\era5_data...
2026-04-27 00:04:16,767 - heatwave - WARNING - No NASA POWER files found matching nasa_power*.nc
2026-04-27 00:04:16,767 - heatwave - INFO - No NASA POWER data found, using ERA5 only
2026-04-27 00:04:18,953 - heatwave - INFO - DataLoader cache enabled: D:\Heat-wave-backend\era5_data\.cache
2026-04-27 00:04:18,954 - heatwave - INFO - Loading 34 files from D:\Heat-wave-backend\era5_data...
2026-04-27 00:04:29,364 - heatwave - WARNING - No NASA POWER files found matching nasa_power*.nc
2026-04-27 00:04:29,364 - heatwave - INFO - No NASA POWER data found, using ERA5 only
2026-04-27 00:04:29,383 - heatwave - INFO - DataLoader cache enabled: D:\Heat-wave-backend\era5_data\.cache
2026-04-27 00:04:29,384 - heatwave - INFO - Loading 34 files from D:\Heat-wave-backend\era5_data...
2026-04-27 00:04:40,093 - heatwave - WARNING - No NASA POWER files found matching nasa_power*.nc
2026-04-27 00:04:40,093 - heatwave - INFO - No NASA POWER data found, using ERA5 only
2026-04-27 00:04:40,109 - heatwave - INFO - DataLoader cache enabled: D:\Heat-wave-backend\era5_data\.cache
2026-04-27 00:04:40,109 - heatwave - INFO - Loading 34 files from D:\Heat-wave-backend\era5_data...
2026-04-27 00:04:50,776 - heatwave - WARNING - No NASA POWER files found matching nasa_power*.nc
2026-04-27 00:04:50,776 - heatwave - INFO - No NASA POWER data found, using ERA5 only
2026-04-27 00:06:18,033 - heatwave - INFO - DataLoader cache enabled: D:\Heat-wave-backend\era5_data\.cache
2026-04-27 00:06:18,033 - heatwave - INFO - Loading 34 files from D:\Heat-wave-backend\era5_data...
2026-04-27 00:06:25,949 - heatwave - INFO - Shutting down FastAPI backend...
2026-04-27 00:06:30,188 - heatwave - INFO - Starting FastAPI backend...
2026-04-27 00:06:30,188 - heatwave - INFO - ModelManager initialized successfully
2026-04-27 00:06:30,860 - heatwave - WARNING - No NASA POWER files found matching nasa_power*.nc
2026-04-27 00:06:30,871 - heatwave - INFO - No NASA POWER data found, using ERA5 only
2026-04-27 00:06:31,002 - heatwave - INFO - Shutting down FastAPI backend...
2026-04-27 00:06:31,206 - heatwave - INFO - Attempting to load model from D:\Heat-wave-backend\models\heatwave_model_checkpoint_v60.pth...
2026-04-27 00:06:32,157 - heatwave - INFO - Successfully loaded Sklearn model type: balanced_random_forest
2026-04-27 00:06:32,158 - heatwave - INFO - DataLoader cache enabled: D:\Heat-wave-backend\era5_data\.cache
2026-04-27 00:06:32,158 - heatwave - INFO - Loading 34 files from D:\Heat-wave-backend\era5_data...
2026-04-27 00:06:42,157 - heatwave - WARNING - No NASA POWER files found matching nasa_power*.nc
2026-04-27 00:06:42,157 - heatwave - INFO - No NASA POWER data found, using ERA5 only
2026-04-27 00:09:03,450 - heatwave - INFO - Shutting down FastAPI backend...
2026-04-27 00:09:06,734 - heatwave - INFO - Starting FastAPI backend...
2026-04-27 00:09:06,734 - heatwave - INFO - ModelManager initialized successfully
2026-04-27 00:09:09,751 - heatwave - INFO - Starting FastAPI backend...
2026-04-27 00:09:09,751 - heatwave - INFO - ModelManager initialized successfully
2026-04-27 00:19:25,409 - heatwave - INFO - Attempting to load model from D:\Heat-wave-backend\models\heatwave_model_checkpoint_v60.pth...
2026-04-27 00:19:26,378 - heatwave - INFO - Successfully loaded Sklearn model type: balanced_random_forest
2026-04-27 00:19:26,378 - heatwave - INFO - DataLoader cache enabled: D:\Heat-wave-backend\era5_data\.cache
2026-04-27 00:19:26,378 - heatwave - INFO - Loading 34 files from D:\Heat-wave-backend\era5_data...
2026-04-27 00:19:38,807 - heatwave - WARNING - No NASA POWER files found matching nasa_power*.nc
2026-04-27 00:19:38,808 - heatwave - INFO - No NASA POWER data found, using ERA5 only
2026-04-27 00:19:38,842 - heatwave - INFO - DataLoader cache enabled: D:\Heat-wave-backend\era5_data\.cache
2026-04-27 00:19:38,842 - heatwave - INFO - Loading 34 files from D:\Heat-wave-backend\era5_data...
2026-04-27 00:19:49,047 - heatwave - WARNING - No NASA POWER files found matching nasa_power*.nc
2026-04-27 00:19:49,047 - heatwave - INFO - No NASA POWER data found, using ERA5 only
2026-04-27 00:23:36,859 - heatwave - INFO - DataLoader cache enabled: D:\Heat-wave-backend\era5_data\.cache
2026-04-27 00:23:36,859 - heatwave - INFO - Loading 34 files from D:\Heat-wave-backend\era5_data...
2026-04-27 00:23:49,499 - heatwave - WARNING - No NASA POWER files found matching nasa_power*.nc
2026-04-27 00:23:49,499 - heatwave - INFO - No NASA POWER data found, using ERA5 only
2026-04-27 00:23:49,537 - heatwave - INFO - DataLoader cache enabled: D:\Heat-wave-backend\era5_data\.cache
2026-04-27 00:23:49,537 - heatwave - INFO - Loading 34 files from D:\Heat-wave-backend\era5_data...
2026-04-27 00:23:59,429 - heatwave - INFO - Starting FastAPI backend...
2026-04-27 00:23:59,429 - heatwave - INFO - ModelManager initialized successfully
2026-04-27 00:24:02,246 - heatwave - WARNING - No NASA POWER files found matching nasa_power*.nc
2026-04-27 00:24:02,246 - heatwave - INFO - No NASA POWER data found, using ERA5 only
2026-04-27 00:24:02,285 - heatwave - INFO - DataLoader cache enabled: D:\Heat-wave-backend\era5_data\.cache
2026-04-27 00:24:02,285 - heatwave - INFO - Loading 34 files from D:\Heat-wave-backend\era5_data...
2026-04-27 00:24:12,697 - heatwave - WARNING - No NASA POWER files found matching nasa_power*.nc
2026-04-27 00:24:12,697 - heatwave - INFO - No NASA POWER data found, using ERA5 only
2026-04-27 00:24:12,726 - heatwave - INFO - DataLoader cache enabled: D:\Heat-wave-backend\era5_data\.cache
2026-04-27 00:24:12,726 - heatwave - INFO - Loading 34 files from D:\Heat-wave-backend\era5_data...
2026-04-27 00:24:22,995 - heatwave - WARNING - No NASA POWER files found matching nasa_power*.nc
2026-04-27 00:24:22,995 - heatwave - INFO - No NASA POWER data found, using ERA5 only
2026-04-27 00:24:31,028 - heatwave - INFO - Starting FastAPI backend...
2026-04-27 00:24:31,028 - heatwave - INFO - ModelManager initialized successfully
2026-04-27 00:24:48,204 - heatwave - INFO - Starting FastAPI backend...
2026-04-27 00:24:48,204 - heatwave - INFO - ModelManager initialized successfully
2026-04-27 00:24:58,957 - heatwave - INFO - Starting FastAPI backend...
2026-04-27 00:24:58,957 - heatwave - INFO - ModelManager initialized successfully
2026-04-27 00:25:15,148 - heatwave - INFO - Starting FastAPI backend...
2026-04-27 00:25:15,148 - heatwave - INFO - ModelManager initialized successfully
2026-04-27 00:25:21,492 - heatwave - INFO - Starting FastAPI backend...
2026-04-27 00:25:21,492 - heatwave - INFO - ModelManager initialized successfully
2026-04-27 00:25:27,129 - heatwave - INFO - Starting FastAPI backend...
2026-04-27 00:25:27,129 - heatwave - INFO - ModelManager initialized successfully
2026-04-27 00:25:32,600 - heatwave - INFO - Starting FastAPI backend...
2026-04-27 00:25:32,600 - heatwave - INFO - ModelManager initialized successfully
2026-04-27 00:25:42,205 - heatwave - INFO - Starting FastAPI backend...
2026-04-27 00:25:42,205 - heatwave - INFO - ModelManager initialized successfully
2026-04-27 00:25:48,365 - heatwave - INFO - Starting FastAPI backend...
2026-04-27 00:25:48,366 - heatwave - INFO - ModelManager initialized successfully
2026-04-27 00:25:54,593 - heatwave - INFO - Starting FastAPI backend...
2026-04-27 00:25:54,593 - heatwave - INFO - ModelManager initialized successfully
2026-04-27 00:26:00,546 - heatwave - INFO - Starting FastAPI backend...
2026-04-27 00:26:00,546 - heatwave - INFO - ModelManager initialized successfully
2026-04-27 00:26:14,426 - heatwave - INFO - Starting FastAPI backend...
2026-04-27 00:26:14,426 - heatwave - INFO - ModelManager initialized successfully
2026-04-27 00:26:20,645 - heatwave - INFO - Starting FastAPI backend...
2026-04-27 00:26:20,645 - heatwave - INFO - ModelManager initialized successfully
2026-04-27 00:26:33,841 - heatwave - INFO - Starting FastAPI backend...
2026-04-27 00:26:33,841 - heatwave - INFO - ModelManager initialized successfully
2026-04-27 00:26:39,658 - heatwave - INFO - Starting FastAPI backend...
2026-04-27 00:26:39,658 - heatwave - INFO - ModelManager initialized successfully
2026-04-27 00:26:51,721 - heatwave - INFO - Starting FastAPI backend...
2026-04-27 00:26:51,721 - heatwave - INFO - ModelManager initialized successfully
2026-04-27 00:27:02,004 - heatwave - INFO - Starting FastAPI backend...
2026-04-27 00:27:02,004 - heatwave - INFO - ModelManager initialized successfully
2026-04-27 00:27:08,026 - heatwave - INFO - Starting FastAPI backend...
2026-04-27 00:27:08,026 - heatwave - INFO - ModelManager initialized successfully
2026-04-27 00:27:14,372 - heatwave - INFO - Starting FastAPI backend...
2026-04-27 00:27:14,372 - heatwave - INFO - ModelManager initialized successfully
2026-04-27 00:27:20,668 - heatwave - INFO - Starting FastAPI backend...
2026-04-27 00:27:20,669 - heatwave - INFO - ModelManager initialized successfully
2026-04-27 00:27:27,587 - heatwave - INFO - Starting FastAPI backend...
2026-04-27 00:27:27,588 - heatwave - INFO - ModelManager initialized successfully
2026-04-27 00:27:33,752 - heatwave - INFO - Starting FastAPI backend...
2026-04-27 00:27:33,752 - heatwave - INFO - ModelManager initialized successfully
2026-04-27 00:27:41,491 - heatwave - INFO - Starting FastAPI backend...
2026-04-27 00:27:41,491 - heatwave - INFO - ModelManager initialized successfully
2026-04-27 00:28:05,444 - heatwave - INFO - Starting FastAPI backend...
2026-04-27 00:28:05,445 - heatwave - INFO - ModelManager initialized successfully
2026-04-27 00:28:19,536 - heatwave - INFO - Starting FastAPI backend...
2026-04-27 00:28:19,536 - heatwave - INFO - ModelManager initialized successfully
2026-04-27 00:28:29,823 - heatwave - INFO - Starting FastAPI backend...
2026-04-27 00:28:29,824 - heatwave - INFO - ModelManager initialized successfully
2026-04-27 00:28:38,460 - heatwave - INFO - Starting FastAPI backend...
2026-04-27 00:28:38,460 - heatwave - INFO - ModelManager initialized successfully
2026-04-27 00:28:46,027 - heatwave - INFO - Starting FastAPI backend...
2026-04-27 00:28:46,027 - heatwave - INFO - ModelManager initialized successfully
2026-04-27 00:28:58,617 - heatwave - INFO - Starting FastAPI backend...
2026-04-27 00:28:58,617 - heatwave - INFO - ModelManager initialized successfully
2026-04-27 00:29:05,124 - heatwave - INFO - Starting FastAPI backend...
2026-04-27 00:29:05,124 - heatwave - INFO - ModelManager initialized successfully
2026-04-27 00:29:12,096 - heatwave - INFO - Starting FastAPI backend...
2026-04-27 00:29:12,096 - heatwave - INFO - ModelManager initialized successfully
2026-04-27 00:29:19,752 - heatwave - INFO - Starting FastAPI backend...
2026-04-27 00:29:19,752 - heatwave - INFO - ModelManager initialized successfully
2026-04-27 00:29:29,416 - heatwave - INFO - Starting FastAPI backend...
2026-04-27 00:29:29,417 - heatwave - INFO - ModelManager initialized successfully
2026-04-27 00:29:36,728 - heatwave - INFO - Starting FastAPI backend...
2026-04-27 00:29:36,728 - heatwave - INFO - ModelManager initialized successfully
2026-04-27 00:29:45,764 - heatwave - INFO - Starting FastAPI backend...
2026-04-27 00:29:45,764 - heatwave - INFO - ModelManager initialized successfully
2026-04-27 00:29:53,857 - heatwave - INFO - Starting FastAPI backend...
2026-04-27 00:29:53,857 - heatwave - INFO - ModelManager initialized successfully
2026-04-27 00:30:03,273 - heatwave - INFO - Starting FastAPI backend...
2026-04-27 00:30:03,274 - heatwave - INFO - ModelManager initialized successfully
2026-04-27 00:30:10,420 - heatwave - INFO - Starting FastAPI backend...
2026-04-27 00:30:10,420 - heatwave - INFO - ModelManager initialized successfully
2026-04-27 00:30:18,268 - heatwave - INFO - Starting FastAPI backend...
2026-04-27 00:30:18,268 - heatwave - INFO - ModelManager initialized successfully
2026-04-27 00:30:27,834 - heatwave - INFO - Starting FastAPI backend...
2026-04-27 00:30:27,834 - heatwave - INFO - ModelManager initialized successfully
2026-04-27 00:30:37,175 - heatwave - INFO - Starting FastAPI backend...
2026-04-27 00:30:37,176 - heatwave - INFO - ModelManager initialized successfully
2026-04-27 00:30:53,505 - heatwave - INFO - Starting FastAPI backend...
2026-04-27 00:30:53,505 - heatwave - INFO - ModelManager initialized successfully
2026-04-27 00:31:00,868 - heatwave - INFO - Starting FastAPI backend...
2026-04-27 00:31:00,868 - heatwave - INFO - ModelManager initialized successfully
2026-04-27 00:31:20,759 - heatwave - INFO - Starting FastAPI backend...
2026-04-27 00:31:20,759 - heatwave - INFO - ModelManager initialized successfully
2026-04-27 00:31:41,132 - heatwave - INFO - Starting FastAPI backend...
2026-04-27 00:31:41,132 - heatwave - INFO - ModelManager initialized successfully
2026-04-27 00:32:08,310 - heatwave - INFO - Starting FastAPI backend...
2026-04-27 00:32:08,311 - heatwave - INFO - ModelManager initialized successfully
2026-04-27 00:32:16,612 - heatwave - INFO - Starting FastAPI backend...
2026-04-27 00:32:16,612 - heatwave - INFO - ModelManager initialized successfully
2026-04-27 00:32:30,258 - heatwave - INFO - Starting FastAPI backend...
2026-04-27 00:32:30,258 - heatwave - INFO - ModelManager initialized successfully
2026-04-27 00:32:38,257 - heatwave - INFO - Starting FastAPI backend...
2026-04-27 00:32:38,257 - heatwave - INFO - ModelManager initialized successfully
2026-04-27 00:32:47,201 - heatwave - INFO - Starting FastAPI backend...
2026-04-27 00:32:47,201 - heatwave - INFO - ModelManager initialized successfully
2026-04-27 00:33:03,042 - heatwave - INFO - Starting FastAPI backend...
2026-04-27 00:33:03,042 - heatwave - INFO - ModelManager initialized successfully
2026-04-27 00:33:17,246 - heatwave - INFO - Starting FastAPI backend...
2026-04-27 00:33:17,246 - heatwave - INFO - ModelManager initialized successfully
2026-04-27 00:33:31,853 - heatwave - INFO - Starting FastAPI backend...
2026-04-27 00:33:31,853 - heatwave - INFO - ModelManager initialized successfully
2026-04-27 00:34:03,335 - heatwave - INFO - Starting FastAPI backend...
2026-04-27 00:34:03,335 - heatwave - INFO - ModelManager initialized successfully
2026-04-27 00:34:12,872 - heatwave - INFO - Starting FastAPI backend...
2026-04-27 00:34:12,872 - heatwave - INFO - ModelManager initialized successfully
2026-04-27 00:34:22,121 - heatwave - INFO - Starting FastAPI backend...
2026-04-27 00:34:22,121 - heatwave - INFO - ModelManager initialized successfully
2026-04-27 00:34:46,905 - heatwave - INFO - Starting FastAPI backend...
2026-04-27 00:34:46,906 - heatwave - INFO - ModelManager initialized successfully
2026-04-27 00:35:01,150 - heatwave - INFO - Starting FastAPI backend...
2026-04-27 00:35:01,150 - heatwave - INFO - ModelManager initialized successfully
2026-04-27 00:35:09,608 - heatwave - INFO - Starting FastAPI backend...
2026-04-27 00:35:09,608 - heatwave - INFO - ModelManager initialized successfully
2026-04-27 00:35:23,644 - heatwave - INFO - Starting FastAPI backend...
2026-04-27 00:35:23,644 - heatwave - INFO - ModelManager initialized successfully
2026-04-27 00:35:31,988 - heatwave - INFO - Starting FastAPI backend...
2026-04-27 00:35:31,988 - heatwave - INFO - ModelManager initialized successfully
2026-04-27 00:35:46,888 - heatwave - INFO - Starting FastAPI backend...
2026-04-27 00:35:46,888 - heatwave - INFO - ModelManager initialized successfully
2026-04-27 00:35:59,725 - heatwave - INFO - Starting FastAPI backend...
2026-04-27 00:35:59,725 - heatwave - INFO - ModelManager initialized successfully
2026-04-27 00:36:08,409 - heatwave - INFO - Starting FastAPI backend...
2026-04-27 00:36:08,409 - heatwave - INFO - ModelManager initialized successfully
2026-04-27 00:36:17,673 - heatwave - INFO - Starting FastAPI backend...
2026-04-27 00:36:17,674 - heatwave - INFO - ModelManager initialized successfully
2026-04-27 00:36:38,666 - heatwave - INFO - Starting FastAPI backend...
2026-04-27 00:36:38,666 - heatwave - INFO - ModelManager initialized successfully
2026-04-27 00:36:47,857 - heatwave - INFO - Starting FastAPI backend...
2026-04-27 00:36:47,857 - heatwave - INFO - ModelManager initialized successfully
2026-04-27 00:36:59,087 - heatwave - INFO - Starting FastAPI backend...
2026-04-27 00:36:59,087 - heatwave - INFO - ModelManager initialized successfully
2026-04-27 00:37:07,925 - heatwave - INFO - Starting FastAPI backend...
2026-04-27 00:37:07,926 - heatwave - INFO - ModelManager initialized successfully
2026-04-27 00:37:19,199 - heatwave - INFO - Starting FastAPI backend...
2026-04-27 00:37:19,199 - heatwave - INFO - ModelManager initialized successfully
2026-04-27 00:37:29,442 - heatwave - INFO - Starting FastAPI backend...
2026-04-27 00:37:29,442 - heatwave - INFO - ModelManager initialized successfully
2026-04-27 00:37:38,198 - heatwave - INFO - Starting FastAPI backend...
2026-04-27 00:37:38,198 - heatwave - INFO - ModelManager initialized successfully
2026-04-27 00:37:46,462 - heatwave - INFO - Starting FastAPI backend...
2026-04-27 00:37:46,462 - heatwave - INFO - ModelManager initialized successfully
2026-04-27 00:38:01,596 - heatwave - INFO - Starting FastAPI backend...
2026-04-27 00:38:01,596 - heatwave - INFO - ModelManager initialized successfully
2026-04-27 00:38:15,781 - heatwave - INFO - Starting FastAPI backend...
2026-04-27 00:38:15,781 - heatwave - INFO - ModelManager initialized successfully
2026-04-27 00:38:57,456 - heatwave - INFO - Starting FastAPI backend...
2026-04-27 00:38:57,456 - heatwave - INFO - ModelManager initialized successfully
2026-04-27 00:39:07,115 - heatwave - INFO - Starting FastAPI backend...
2026-04-27 00:39:07,115 - heatwave - INFO - ModelManager initialized successfully
2026-04-27 00:39:15,791 - heatwave - INFO - Starting FastAPI backend...
2026-04-27 00:39:15,791 - heatwave - INFO - ModelManager initialized successfully
2026-04-27 00:39:25,018 - heatwave - INFO - Starting FastAPI backend...
2026-04-27 00:39:25,018 - heatwave - INFO - ModelManager initialized successfully
2026-04-27 00:39:34,624 - heatwave - INFO - Starting FastAPI backend...
2026-04-27 00:39:34,624 - heatwave - INFO - ModelManager initialized successfully
2026-04-27 00:39:44,169 - heatwave - INFO - Starting FastAPI backend...
2026-04-27 00:39:44,169 - heatwave - INFO - ModelManager initialized successfully
2026-04-27 00:39:53,029 - heatwave - INFO - Starting FastAPI backend...
2026-04-27 00:39:53,029 - heatwave - INFO - ModelManager initialized successfully
2026-04-27 00:40:02,070 - heatwave - INFO - Starting FastAPI backend...
2026-04-27 00:40:02,070 - heatwave - INFO - ModelManager initialized successfully
2026-04-27 00:40:31,986 - heatwave - INFO - Starting FastAPI backend...
2026-04-27 00:40:31,986 - heatwave - INFO - ModelManager initialized successfully
2026-04-27 00:40:42,840 - heatwave - INFO - Starting FastAPI backend...
2026-04-27 00:40:42,841 - heatwave - INFO - ModelManager initialized successfully
2026-04-27 00:41:01,785 - heatwave - INFO - Starting FastAPI backend...
2026-04-27 00:41:01,785 - heatwave - INFO - ModelManager initialized successfully
2026-04-27 10:12:06,791 - heatwave - INFO - Starting FastAPI backend...
2026-04-27 10:12:06,798 - heatwave - INFO - ModelManager initialized successfully
2026-04-27 10:12:59,360 - heatwave - INFO - Starting FastAPI backend...
2026-04-27 10:12:59,366 - heatwave - INFO - ModelManager initialized successfully
2026-04-27 10:42:50,774 - heatwave - INFO - Starting FastAPI backend...
2026-04-27 10:42:50,784 - heatwave - INFO - ModelManager initialized successfully
